03/04/2019 02:19:23 MainProcess     MainThread      logger          log_setup                 INFO     Log level set to: INFO
03/04/2019 02:19:23 MainProcess     MainThread      cli             execute_script            DEBUG    Executing: effmpeg. PID: 5057
03/04/2019 02:19:24 MainProcess     MainThread      cli             test_for_tf_version       DEBUG    Installed Tensorflow Version: 1.12
03/04/2019 02:19:24 MainProcess     MainThread      effmpeg         __init__                  DEBUG    Initializing Effmpeg: (arguments: Namespace(action='extract', degrees=None, duration='00:00:00', end='00:00:00', extract_ext='.png', fps='-1.0', func=<bound method ScriptExecutor.execute_script of <lib.cli.ScriptExecutor object at 0x7f8a79829198>>, input='/data/test/愛你一萬年.mp4', logfile=None, loglevel='INFO', mux_audio=False, output='/data/dn', preview=False, quiet=False, redirect_gui=False, ref_vid=None, scale='1920x1080', start='00:00:00', transpose=None, verbose=False))
03/04/2019 02:19:24 MainProcess     MainThread      effmpeg         __init__                  DEBUG    Initializing DataItem: (path: 'None', name: 'None', item_type: 'None', ext: 'None')
03/04/2019 02:19:24 MainProcess     MainThread      effmpeg         set_dirname               DEBUG    path: 'None', dirname: 'None'
03/04/2019 02:19:24 MainProcess     MainThread      effmpeg         set_name                  DEBUG    None
03/04/2019 02:19:24 MainProcess     MainThread      effmpeg         is_type                   DEBUG    item_type: 'vid', chk_type: 'False'
03/04/2019 02:19:24 MainProcess     MainThread      effmpeg         __init__                  DEBUG    Initialized DataItem
03/04/2019 02:19:24 MainProcess     MainThread      effmpeg         __init__                  DEBUG    Initializing DataItem: (path: 'None', name: 'None', item_type: 'None', ext: 'None')
03/04/2019 02:19:24 MainProcess     MainThread      effmpeg         set_dirname               DEBUG    path: 'None', dirname: 'None'
03/04/2019 02:19:24 MainProcess     MainThread      effmpeg         set_name                  DEBUG    None
03/04/2019 02:19:24 MainProcess     MainThread      effmpeg         is_type                   DEBUG    item_type: 'vid', chk_type: 'False'
03/04/2019 02:19:24 MainProcess     MainThread      effmpeg         __init__                  DEBUG    Initialized DataItem
03/04/2019 02:19:24 MainProcess     MainThread      effmpeg         __init__                  DEBUG    Initializing DataItem: (path: 'None', name: 'None', item_type: 'None', ext: 'None')
03/04/2019 02:19:24 MainProcess     MainThread      effmpeg         set_dirname               DEBUG    path: 'None', dirname: 'None'
03/04/2019 02:19:24 MainProcess     MainThread      effmpeg         set_name                  DEBUG    None
03/04/2019 02:19:24 MainProcess     MainThread      effmpeg         is_type                   DEBUG    item_type: 'vid', chk_type: 'False'
03/04/2019 02:19:24 MainProcess     MainThread      effmpeg         __init__                  DEBUG    Initialized DataItem
03/04/2019 02:19:24 MainProcess     MainThread      effmpeg         __init__                  DEBUG    Initialized Effmpeg
03/04/2019 02:19:24 MainProcess     MainThread      effmpeg         process                   DEBUG    Running Effmpeg
03/04/2019 02:19:24 MainProcess     MainThread      effmpeg         process                   DEBUG    action: 'extract
03/04/2019 02:19:24 MainProcess     MainThread      effmpeg         __init__                  DEBUG    Initializing DataItem: (path: '/data/test/愛你一萬年.mp4', name: 'None', item_type: 'None', ext: 'None')
03/04/2019 02:19:24 MainProcess     MainThread      effmpeg         set_type_ext              DEBUG    path: '/data/test/愛你一萬年.mp4', type: 'vid', ext: '.mp4'
03/04/2019 02:19:24 MainProcess     MainThread      effmpeg         set_dirname               DEBUG    path: '/data/test/愛你一萬年.mp4', dirname: '/data/test'
03/04/2019 02:19:24 MainProcess     MainThread      effmpeg         set_name                  DEBUG    愛你一萬年.mp4
03/04/2019 02:19:24 MainProcess     MainThread      effmpeg         is_type                   DEBUG    item_type: 'vid', chk_type: 'True'
Traceback (most recent call last):
  File "/usr/local/lib/python3.6/dist-packages/ffmpy.py", line 95, in run
    stderr=stderr
  File "/usr/lib/python3.6/subprocess.py", line 709, in __init__
    restore_signals, start_new_session)
  File "/usr/lib/python3.6/subprocess.py", line 1344, in _execute_child
    raise child_exception_type(errno_num, err_msg, err_filename)
FileNotFoundError: [Errno 2] No such file or directory: 'ffprobe': 'ffprobe'

During handling of the above exception, another exception occurred:

Traceback (most recent call last):
  File "/data/py/faceswap/lib/cli.py", line 107, in execute_script
    process.process()
  File "/data/py/faceswap/tools/effmpeg.py", line 180, in process
    self.input = DataItem(path=self.args.input)
  File "/data/py/faceswap/tools/effmpeg.py", line 56, in __init__
    self.set_fps()
  File "/data/py/faceswap/tools/effmpeg.py", line 121, in set_fps
    self.fps = Effmpeg.get_fps(self.path)
  File "/data/py/faceswap/tools/effmpeg.py", line 363, in get_fps
    _fps = ffp.run(stdout=subprocess.PIPE)[0].decode("utf-8")
  File "/usr/local/lib/python3.6/dist-packages/ffmpy.py", line 99, in run
    raise FFExecutableNotFoundError("Executable '{0}' not found".format(self.executable))
ffmpy.FFExecutableNotFoundError: Executable 'ffprobe' not found

============ System Information ============
encoding:          UTF-8
git_branch:        位于分支 master
git_commits:       cc6d663 test. a4fc44a test. 7ee56e0 test. 29426ac test. dc56c44 test
gpu_cuda:          10.0
gpu_cudnn:         Not Found
gpu_devices:       GPU_0: GeForce GTX 1070
gpu_driver:        410.79
gpu_vram:          GPU_0: 8116MB
os_machine:        x86_64
os_platform:       Linux-4.15.0-45-generic-x86_64-with-Ubuntu-18.04-bionic
os_release:        4.15.0-45-generic
py_command:        /data/py/faceswap/tools.py effmpeg -a extract -i /data/test/愛你一萬年.mp4 -o /data/dn -fps -1.0 -ef .png -s 00:00:00 -e 00:00:00 -d 00:00:00 -sc 1920x1080 -L INFO
py_conda_version:  N/A
py_implementation: CPython
py_version:        3.6.7
py_virtual_env:    False
sys_cores:         8
sys_processor:     x86_64
sys_ram:           Total: 7844MB, Available: 4271MB, Used: 3237MB, Free: 2971MB

=============== Pip Packages ===============
absl-py==0.7.0
apturl==0.5.2
asn1crypto==0.24.0
astor==0.7.1
attrs==18.2.0
Automat==0.7.0
backcall==0.1.0
bleach==3.1.0
blessings==1.7
Brlapi==0.6.6
certifi==2018.11.29
cffi==1.11.5
chardet==3.0.4
Click==7.0
command-not-found==0.3
constantly==15.1.0
cryptography==2.4.2
cssselect==1.0.3
cupshelpers==1.0
cycler==0.10.0
decorator==4.3.0
defer==1.0.6
defusedxml==0.5.0
distro-info==0.18
Django==2.1.5
django-debug-toolbar==1.11
dlib==19.16.0
entrypoints==0.3
face-recognition==1.2.3
face-recognition-models==0.3.0
ffmpy==0.2.2
ffprobe==0.5
gast==0.2.2
google-pasta==0.1.4
gpustat==0.5.0
grpcio==1.18.0
h5py==2.9.0
html5lib==0.999999999
httplib2==0.9.2
hyperlink==18.0.0
idna==2.8
incremental==17.5.0
ipykernel==5.1.0
ipython==7.2.0
ipython-genutils==0.2.0
ipywidgets==7.4.2
jedi==0.13.2
Jinja2==2.10
jsonschema==2.6.0
jupyter==1.0.0
jupyter-client==5.2.4
jupyter-console==6.0.0
jupyter-contrib-core==0.3.3
jupyter-contrib-nbextensions==0.5.1
jupyter-core==4.4.0
jupyter-highlight-selected-word==0.2.0
jupyter-latex-envs==1.4.6
jupyter-nbextensions-configurator==0.4.1
Keras==2.2.4
Keras-Applications==1.0.7
Keras-Preprocessing==1.0.9
keyring==10.6.0
keyrings.alt==3.0
kiwisolver==1.0.1
language-selector==0.1
launchpadlib==1.10.6
lazr.restfulclient==0.13.5
lazr.uri==1.0.3
louis==3.5.0
lxml==4.3.0
macaroonbakery==1.1.3
Mako==1.0.7
Markdown==3.0.1
MarkupSafe==1.1.0
matplotlib==3.0.2
mistune==0.8.4
mock==2.0.0
nbconvert==5.4.0
nbformat==4.4.0
netifaces==0.10.4
notebook==5.7.4
numpy==1.14.5
nvidia-ml-py3==7.352.0
oauth==1.0.1
olefile==0.45.1
opencv-python==4.0.0.21
pandocfilters==1.4.2
parsel==1.5.1
parso==0.3.1
pbr==5.1.2
pexpect==4.6.0
pickleshare==0.7.5
Pillow==5.4.1
pip-autoremove==0.9.1
prometheus-client==0.5.0
prompt-toolkit==2.0.7
protobuf==3.6.1
psutil==5.5.1
ptyprocess==0.6.0
pyasn1==0.4.5
pyasn1-modules==0.2.3
pycairo==1.16.2
pycparser==2.19
pycrypto==2.6.1
pycups==1.9.73
PyDispatcher==2.0.5
Pygments==2.3.1
pygobject==3.26.1
PyHamcrest==1.9.0
pymacaroons==0.13.0
pymongo==3.7.2
PyNaCl==1.1.2
pyOpenSSL==18.0.0
pyparsing==2.3.1
pyRFC3339==1.0
python-apt==1.6.3
python-dateutil==2.8.0
python-debian==0.1.32
python-xapp==1.0.0
python-xlib==0.20
pytz==2018.9
pyxdg==0.25
PyYAML==3.13
pyzmq==17.1.2
qtconsole==4.4.3
queuelib==1.5.0
reportlab==3.4.0
requests==2.21.0
requests-unixsocket==0.1.5
scikit-learn==0.20.2
scipy==1.2.1
scour==0.36
Scrapy==1.5.1
scrapy-splash==0.7.2
screen-resolution-extra==0.0.0
SecretStorage==2.3.1
selenium==3.141.0
Send2Trash==1.5.0
service-identity==18.1.0
setproctitle==1.1.10
simplegeneric==0.8.1
simplejson==3.13.2
six==1.12.0
sqlparse==0.2.4
ssh-import-id==5.7
system-service==0.3
systemd-python==234
tb-nightly==1.13.0a20190225
tensorboard==1.12.2
tensorflow-estimator==1.13.0
tensorflow-gpu==1.12.0
termcolor==1.1.0
terminado==0.8.1
testpath==0.4.2
tf-estimator-nightly==1.14.0.dev2019022601
tf-nightly-gpu==1.13.0.dev20190226
tornado==5.1.1
tqdm==4.31.1
traitlets==4.3.2
Twisted==18.9.0
ubuntu-drivers-common==0.0.0
ufw==0.35
unattended-upgrades==0.1
urllib3==1.24.1
usb-creator==0.3.3
uWSGI==2.0.17.1
w3lib==1.20.0
wadllib==1.3.2
wcwidth==0.1.7
webencodings==0.5.1
Werkzeug==0.14.1
widgetsnbextension==3.4.2
xkit==0.0.0
zope.interface==4.6.0